2024.10.13 19:12:46 INFO  Started: Metals version 1.3.5 in folders '/Users/macciek/studia/scala/portfolio/aplikacja' for client Visual Studio Code 1.94.0.
SLF4J(W): Class path contains multiple SLF4J providers.
SLF4J(W): Found provider [scribe.slf4j.ScribeServiceProvider@361200f4]
SLF4J(W): Found provider [ch.qos.logback.classic.spi.LogbackServiceProvider@147f4576]
SLF4J(W): See https://www.slf4j.org/codes.html#multiple_bindings for an explanation.
SLF4J(I): Actual provider is of type [scribe.slf4j.ScribeServiceProvider@361200f4]
2024.10.13 19:12:46 WARN  Flyway upgrade recommended: H2 2.3.230 is newer than this version of Flyway and support has not been tested. The latest supported version of H2 is 2.2.220.
2024.10.13 19:12:46 INFO  Attempting to connect to the build server...
2024.10.13 19:12:47 INFO  no build target found for /Users/macciek/studia/scala/portfolio/aplikacja/backend/src/main/scala/com/example/Main.scala. Using presentation compiler with project's scala-library version: 3.3.3
2024.10.13 19:12:47 INFO  tracing is disabled for protocol BSP, to enable tracing of incoming and outgoing JSON messages create an empty file at /Users/macciek/studia/scala/portfolio/aplikacja/.metals/bsp.trace.json or /Users/macciek/Library/Caches/org.scalameta.metals/bsp.trace.json
2024.10.13 19:12:47 INFO  time: Connected to build server in 1.13s
2024.10.13 19:12:47 INFO  Connected to Build server: Bloop v1.6.0
2024.10.13 19:12:48 INFO  time: Imported build in 0.13s
2024.10.13 19:12:48 INFO  running doctor check
2024.10.13 19:12:48 INFO  java targets: 
2024.10.13 19:12:49 INFO  no build target found for /Users/macciek/studia/scala/portfolio/aplikacja/backend/src/main/scala/com/example/Main.scala. Using presentation compiler with project's scala-library version: 3.3.3
2024.10.13 19:12:51 WARN  Flyway upgrade recommended: H2 2.3.230 is newer than this version of Flyway and support has not been tested. The latest supported version of H2 is 2.2.220.
2024.10.13 19:12:51 INFO  time: indexed workspace in 2.79s
2024.10.13 19:12:51 WARN  no build target for: /Users/macciek/studia/scala/portfolio/aplikacja/backend/src/main/scala/com/example/Main.scala
2024.10.13 19:12:51 INFO  no build target found for /Users/macciek/studia/scala/portfolio/aplikacja/backend/src/main/scala/com/example/Main.scala. Using presentation compiler with project's scala-library version: 3.3.3
2024.10.13 19:12:51 INFO  no build target found for /Users/macciek/studia/scala/portfolio/aplikacja/backend/src/main/scala/com/example/Main.scala. Using presentation compiler with project's scala-library version: 3.3.3
2024.10.13 19:13:08 INFO  Shutting down server
2024.10.13 19:13:08 INFO  shutting down Metals
2024.10.13 19:13:08 INFO  Shut down connection with build server.
2024.10.13 19:13:08 INFO  Exiting server
